[2017-04-20 02:57:59] (ERROR @ /srv/web/sites/loafshack.com/public/core/model/phpthumb/phpthumb.class.php : 1686) PHP warning: getimagesize(/srv/web/sites/loafshack.com/public/core/components/loafshack/1.jpg): failed to open stream: No such file or directory
[2017-04-20 02:57:59] (ERROR @ /srv/web/sites/loafshack.com/public/core/model/phpthumb/modphpthumb.class.php : 121) phpThumb was unable to generate a thumbnail for: /srv/web/sites/loafshack.com/public/core/cache/phpthumb/loafshack.com__srcbaaccb7e614f991d17686fa986639df4_par5ec9be3d082e600179ae51f34f149e74_dat0.png
[2017-04-20 02:57:59] (ERROR @ /srv/web/sites/loafshack.com/public/core/model/phpthumb/modphpthumb.class.php : 133) Error outputting thumbnail:
OutputThumbnail() failed because !is_resource($this->gdimg_output) in file "phpthumb.class.php" on line 618
[2017-04-20 03:04:59] (ERROR @ /srv/web/sites/loafshack.com/public/core/model/modx/modstaticresource.class.php : 99) Could not locate source file: /srv/web/sites/loafshack.com/public/<p>/srv/web/sites/loafshack.com/public/core/import/gina.jpg</p>
[2017-04-27 01:51:59] (ERROR @ /srv/web/sites/loafshack.com/public/core/xpdo/om/xpdoquery.class.php : 766) Encountered empty IN condition with key usergroup
[2017-04-27 01:51:59] (ERROR @ /srv/web/sites/loafshack.com/public/core/xpdo/om/xpdoobject.class.php : 240) Error 42000 executing statement: 
Array
(
    [0] => 42000
    [1] => 1064
    [2] => You have an error in your SQL syntax; check the manual that corresponds to your MySQL server version for the right syntax to use near ') OR  ( `ProfileUserGroup`.`usergroup` IS NULL AND `UGProfile`.`active` = 1 )  )' at line 1
)

[2017-04-27 01:52:27] (ERROR @ /srv/web/sites/loafshack.com/public/core/xpdo/om/xpdoquery.class.php : 766) Encountered empty IN condition with key usergroup
[2017-04-27 01:52:27] (ERROR @ /srv/web/sites/loafshack.com/public/core/xpdo/om/xpdoobject.class.php : 240) Error 42000 executing statement: 
Array
(
    [0] => 42000
    [1] => 1064
    [2] => You have an error in your SQL syntax; check the manual that corresponds to your MySQL server version for the right syntax to use near ') OR  ( `ProfileUserGroup`.`usergroup` IS NULL AND `UGProfile`.`active` = 1 )  )' at line 1
)

[2017-04-27 01:53:28] (ERROR @ /srv/web/sites/loafshack.com/public/core/model/modx/rest/modrestclient.class.php : 236) PHP warning: simplexml_load_string(): Entity: line 1: parser error : XML declaration allowed only at the start of the document
[2017-04-27 01:53:28] (ERROR @ /srv/web/sites/loafshack.com/public/core/model/modx/rest/modrestclient.class.php : 236) PHP warning: simplexml_load_string(): Entity: line 1: parser error : ParsePI: PI xml space expected
[2017-04-27 01:53:28] (ERROR @ /srv/web/sites/loafshack.com/public/core/model/modx/rest/modrestclient.class.php : 236) PHP warning: simplexml_load_string(): Entity: line 1: parser error : ParsePI: PI xml never end ...
[2017-04-27 01:53:28] (ERROR @ /srv/web/sites/loafshack.com/public/core/model/modx/rest/modrestclient.class.php : 236) PHP warning: simplexml_load_string(): Entity: line 1: parser error : Start tag expected, '&lt;' not found
[2017-04-27 01:53:28] (ERROR @ /srv/web/sites/loafshack.com/public/core/model/modx/rest/modrestclient.class.php : 241) Could not connect to provider at: https://rest.modx.com/extras/
[2017-04-27 01:53:28] (ERROR in modTransportProvider::find @ /srv/web/sites/loafshack.com/public/core/model/modx/transport/modtransportprovider.class.php : 271) MODX received a blank response from the provider. Please double check your service URL and make sure the provider is a valid provider.
[2017-04-27 01:53:28] (ERROR @ /srv/web/sites/loafshack.com/public/core/model/modx/rest/modrestclient.class.php : 236) PHP warning: simplexml_load_string(): Entity: line 1: parser error : XML declaration allowed only at the start of the document
[2017-04-27 01:53:28] (ERROR @ /srv/web/sites/loafshack.com/public/core/model/modx/rest/modrestclient.class.php : 236) PHP warning: simplexml_load_string(): Entity: line 1: parser error : ParsePI: PI xml space expected
[2017-04-27 01:53:28] (ERROR @ /srv/web/sites/loafshack.com/public/core/model/modx/rest/modrestclient.class.php : 236) PHP warning: simplexml_load_string(): Entity: line 1: parser error : ParsePI: PI xml never end ...
[2017-04-27 01:53:28] (ERROR @ /srv/web/sites/loafshack.com/public/core/model/modx/rest/modrestclient.class.php : 236) PHP warning: simplexml_load_string(): Entity: line 1: parser error : Start tag expected, '&lt;' not found
[2017-04-27 01:53:28] (ERROR @ /srv/web/sites/loafshack.com/public/core/model/modx/rest/modrestclient.class.php : 241) Could not connect to provider at: https://rest.modx.com/extras/
[2017-04-27 01:53:28] (ERROR in modTransportProvider::find @ /srv/web/sites/loafshack.com/public/core/model/modx/transport/modtransportprovider.class.php : 271) MODX received a blank response from the provider. Please double check your service URL and make sure the provider is a valid provider.
[2017-04-27 01:53:31] (ERROR @ /srv/web/sites/loafshack.com/public/core/xpdo/om/xpdoquery.class.php : 766) Encountered empty IN condition with key usergroup
[2017-04-27 01:53:31] (ERROR @ /srv/web/sites/loafshack.com/public/core/xpdo/om/xpdoobject.class.php : 240) Error 42000 executing statement: 
Array
(
    [0] => 42000
    [1] => 1064
    [2] => You have an error in your SQL syntax; check the manual that corresponds to your MySQL server version for the right syntax to use near ') OR  ( `ProfileUserGroup`.`usergroup` IS NULL AND `UGProfile`.`active` = 1 )  )' at line 1
)

[2017-04-27 01:54:58] (ERROR @ /srv/web/sites/loafshack.com/public/core/model/modx/rest/modrestclient.class.php : 236) PHP warning: simplexml_load_string(): Entity: line 1: parser error : XML declaration allowed only at the start of the document
[2017-04-27 01:54:58] (ERROR @ /srv/web/sites/loafshack.com/public/core/model/modx/rest/modrestclient.class.php : 236) PHP warning: simplexml_load_string(): Entity: line 1: parser error : ParsePI: PI xml space expected
[2017-04-27 01:54:58] (ERROR @ /srv/web/sites/loafshack.com/public/core/model/modx/rest/modrestclient.class.php : 236) PHP warning: simplexml_load_string(): Entity: line 1: parser error : ParsePI: PI xml never end ...
[2017-04-27 01:54:58] (ERROR @ /srv/web/sites/loafshack.com/public/core/model/modx/rest/modrestclient.class.php : 236) PHP warning: simplexml_load_string(): Entity: line 1: parser error : Start tag expected, '&lt;' not found
[2017-04-27 01:54:58] (ERROR @ /srv/web/sites/loafshack.com/public/core/model/modx/rest/modrestclient.class.php : 241) Could not connect to provider at: https://rest.modx.com/extras/
[2017-04-27 01:54:58] (ERROR in modTransportProvider::find @ /srv/web/sites/loafshack.com/public/core/model/modx/transport/modtransportprovider.class.php : 271) MODX received a blank response from the provider. Please double check your service URL and make sure the provider is a valid provider.
[2017-04-27 01:54:58] (ERROR @ /srv/web/sites/loafshack.com/public/core/model/modx/rest/modrestclient.class.php : 236) PHP warning: simplexml_load_string(): Entity: line 1: parser error : XML declaration allowed only at the start of the document
[2017-04-27 01:54:58] (ERROR @ /srv/web/sites/loafshack.com/public/core/model/modx/rest/modrestclient.class.php : 236) PHP warning: simplexml_load_string(): Entity: line 1: parser error : ParsePI: PI xml space expected
[2017-04-27 01:54:58] (ERROR @ /srv/web/sites/loafshack.com/public/core/model/modx/rest/modrestclient.class.php : 236) PHP warning: simplexml_load_string(): Entity: line 1: parser error : ParsePI: PI xml never end ...
[2017-04-27 01:54:58] (ERROR @ /srv/web/sites/loafshack.com/public/core/model/modx/rest/modrestclient.class.php : 236) PHP warning: simplexml_load_string(): Entity: line 1: parser error : Start tag expected, '&lt;' not found
[2017-04-27 01:54:58] (ERROR @ /srv/web/sites/loafshack.com/public/core/model/modx/rest/modrestclient.class.php : 241) Could not connect to provider at: https://rest.modx.com/extras/
[2017-04-27 01:54:58] (ERROR in modTransportProvider::find @ /srv/web/sites/loafshack.com/public/core/model/modx/transport/modtransportprovider.class.php : 271) MODX received a blank response from the provider. Please double check your service URL and make sure the provider is a valid provider.
[2017-04-27 02:03:35] (ERROR @ /srv/web/sites/loafshack.com/public/core/model/modx/rest/modrestclient.class.php : 236) PHP warning: simplexml_load_string(): Entity: line 1: parser error : XML declaration allowed only at the start of the document
[2017-04-27 02:03:35] (ERROR @ /srv/web/sites/loafshack.com/public/core/model/modx/rest/modrestclient.class.php : 236) PHP warning: simplexml_load_string(): Entity: line 1: parser error : ParsePI: PI xml space expected
[2017-04-27 02:03:35] (ERROR @ /srv/web/sites/loafshack.com/public/core/model/modx/rest/modrestclient.class.php : 236) PHP warning: simplexml_load_string(): Entity: line 1: parser error : ParsePI: PI xml never end ...
[2017-04-27 02:03:35] (ERROR @ /srv/web/sites/loafshack.com/public/core/model/modx/rest/modrestclient.class.php : 236) PHP warning: simplexml_load_string(): Entity: line 1: parser error : Start tag expected, '&lt;' not found
[2017-04-27 02:03:35] (ERROR @ /srv/web/sites/loafshack.com/public/core/model/modx/rest/modrestclient.class.php : 241) Could not connect to provider at: https://rest.modx.com/extras/
[2017-04-27 02:03:35] (ERROR in modTransportProvider::find @ /srv/web/sites/loafshack.com/public/core/model/modx/transport/modtransportprovider.class.php : 271) MODX received a blank response from the provider. Please double check your service URL and make sure the provider is a valid provider.
[2017-04-27 02:03:35] (ERROR @ /srv/web/sites/loafshack.com/public/core/model/modx/rest/modrestclient.class.php : 236) PHP warning: simplexml_load_string(): Entity: line 1: parser error : XML declaration allowed only at the start of the document
[2017-04-27 02:03:35] (ERROR @ /srv/web/sites/loafshack.com/public/core/model/modx/rest/modrestclient.class.php : 236) PHP warning: simplexml_load_string(): Entity: line 1: parser error : ParsePI: PI xml space expected
[2017-04-27 02:03:35] (ERROR @ /srv/web/sites/loafshack.com/public/core/model/modx/rest/modrestclient.class.php : 236) PHP warning: simplexml_load_string(): Entity: line 1: parser error : ParsePI: PI xml never end ...
[2017-04-27 02:03:35] (ERROR @ /srv/web/sites/loafshack.com/public/core/model/modx/rest/modrestclient.class.php : 236) PHP warning: simplexml_load_string(): Entity: line 1: parser error : Start tag expected, '&lt;' not found
[2017-04-27 02:03:35] (ERROR @ /srv/web/sites/loafshack.com/public/core/model/modx/rest/modrestclient.class.php : 241) Could not connect to provider at: https://rest.modx.com/extras/
[2017-04-27 02:03:35] (ERROR in modTransportProvider::find @ /srv/web/sites/loafshack.com/public/core/model/modx/transport/modtransportprovider.class.php : 271) MODX received a blank response from the provider. Please double check your service URL and make sure the provider is a valid provider.
[2017-04-27 02:13:30] (ERROR @ /srv/web/sites/loafshack.com/public/core/xpdo/om/xpdoquery.class.php : 766) Encountered empty IN condition with key usergroup
[2017-04-27 02:13:30] (ERROR @ /srv/web/sites/loafshack.com/public/core/xpdo/om/xpdoobject.class.php : 240) Error 42000 executing statement: 
Array
(
    [0] => 42000
    [1] => 1064
    [2] => You have an error in your SQL syntax; check the manual that corresponds to your MySQL server version for the right syntax to use near ') OR  ( `ProfileUserGroup`.`usergroup` IS NULL AND `UGProfile`.`active` = 1 )  )' at line 1
)

[2017-04-27 02:15:01] (ERROR @ /srv/web/sites/loafshack.com/public/core/xpdo/om/xpdoquery.class.php : 766) Encountered empty IN condition with key usergroup
[2017-04-27 02:15:01] (ERROR @ /srv/web/sites/loafshack.com/public/core/xpdo/om/xpdoobject.class.php : 240) Error 42000 executing statement: 
Array
(
    [0] => 42000
    [1] => 1064
    [2] => You have an error in your SQL syntax; check the manual that corresponds to your MySQL server version for the right syntax to use near ') OR  ( `ProfileUserGroup`.`usergroup` IS NULL AND `UGProfile`.`active` = 1 )  )' at line 1
)

[2017-04-27 02:15:27] (ERROR @ /srv/web/sites/loafshack.com/public/core/xpdo/om/xpdoquery.class.php : 766) Encountered empty IN condition with key usergroup
[2017-04-27 02:15:27] (ERROR @ /srv/web/sites/loafshack.com/public/core/xpdo/om/xpdoobject.class.php : 240) Error 42000 executing statement: 
Array
(
    [0] => 42000
    [1] => 1064
    [2] => You have an error in your SQL syntax; check the manual that corresponds to your MySQL server version for the right syntax to use near ') OR  ( `ProfileUserGroup`.`usergroup` IS NULL AND `UGProfile`.`active` = 1 )  )' at line 1
)

[2017-04-27 02:15:55] (ERROR @ /srv/web/sites/loafshack.com/public/core/xpdo/om/xpdoquery.class.php : 766) Encountered empty IN condition with key usergroup
[2017-04-27 02:15:55] (ERROR @ /srv/web/sites/loafshack.com/public/core/xpdo/om/xpdoobject.class.php : 240) Error 42000 executing statement: 
Array
(
    [0] => 42000
    [1] => 1064
    [2] => You have an error in your SQL syntax; check the manual that corresponds to your MySQL server version for the right syntax to use near ') OR  ( `ProfileUserGroup`.`usergroup` IS NULL AND `UGProfile`.`active` = 1 )  )' at line 1
)

[2017-04-27 02:18:11] (ERROR @ /srv/web/sites/loafshack.com/public/core/components/formit/model/formit/fihooks.class.php : 580) [FormIt] An error occurred while trying to send the email. Message body empty
[2017-04-27 02:18:32] (ERROR @ /srv/web/sites/loafshack.com/public/core/components/formit/model/formit/fihooks.class.php : 580) [FormIt] An error occurred while trying to send the email. Message body empty
[2017-04-27 02:18:34] (ERROR @ /srv/web/sites/loafshack.com/public/core/components/formit/model/formit/fihooks.class.php : 580) [FormIt] An error occurred while trying to send the email. Message body empty
[2017-04-27 02:20:18] (ERROR @ /srv/web/sites/loafshack.com/public/core/components/formit/model/formit/fihooks.class.php : 159) [FormIt] Could not find hook "resource2formit".
[2017-04-27 02:20:22] (ERROR @ /srv/web/sites/loafshack.com/public/core/components/formit/model/formit/fihooks.class.php : 159) [FormIt] Could not find hook "resource2formit".
[2017-04-27 02:20:23] (ERROR @ /srv/web/sites/loafshack.com/public/core/components/formit/model/formit/fihooks.class.php : 159) [FormIt] Could not find hook "formit2resource".
[2017-04-27 02:20:23] (ERROR @ /srv/web/sites/loafshack.com/public/core/components/formit/model/formit/fihooks.class.php : 580) [FormIt] An error occurred while trying to send the email. Message body empty
[2017-04-27 02:24:29] (ERROR @ /srv/web/sites/loafshack.com/public/core/components/formit/model/formit/fihooks.class.php : 379) [FormIt] Please specify a recipient or recipients for the email.
[2017-04-27 02:24:36] (ERROR @ /srv/web/sites/loafshack.com/public/core/components/formit/model/formit/fihooks.class.php : 379) [FormIt] Please specify a recipient or recipients for the email.
[2017-04-27 02:28:06] (ERROR @ /srv/web/sites/loafshack.com/public/core/components/formsave/processors/mgr/about.php : 109) PHP warning: file_get_contents(http://www.scherpontwikkeling.nl/components/formsave/about.html?premium=0): failed to open stream: HTTP request failed! HTTP/1.0 404 Not Found

[2017-04-27 02:37:36] (ERROR @ /srv/web/sites/loafshack.com/public/core/xpdo/om/xpdoquery.class.php : 766) Encountered empty IN condition with key usergroup
[2017-04-27 02:37:36] (ERROR @ /srv/web/sites/loafshack.com/public/core/xpdo/om/xpdoobject.class.php : 240) Error 42000 executing statement: 
Array
(
    [0] => 42000
    [1] => 1064
    [2] => You have an error in your SQL syntax; check the manual that corresponds to your MySQL server version for the right syntax to use near ') OR  ( `ProfileUserGroup`.`usergroup` IS NULL AND `UGProfile`.`active` = 1 )  )' at line 1
)

[2017-04-27 02:38:43] (ERROR @ /srv/web/sites/loafshack.com/public/core/xpdo/om/xpdoquery.class.php : 766) Encountered empty IN condition with key usergroup
[2017-04-27 02:38:43] (ERROR @ /srv/web/sites/loafshack.com/public/core/xpdo/om/xpdoobject.class.php : 240) Error 42000 executing statement: 
Array
(
    [0] => 42000
    [1] => 1064
    [2] => You have an error in your SQL syntax; check the manual that corresponds to your MySQL server version for the right syntax to use near ') OR  ( `ProfileUserGroup`.`usergroup` IS NULL AND `UGProfile`.`active` = 1 )  )' at line 1
)

[2017-04-27 02:39:26] (ERROR @ /srv/web/sites/loafshack.com/public/core/xpdo/om/xpdoquery.class.php : 766) Encountered empty IN condition with key usergroup
[2017-04-27 02:39:26] (ERROR @ /srv/web/sites/loafshack.com/public/core/xpdo/om/xpdoobject.class.php : 240) Error 42000 executing statement: 
Array
(
    [0] => 42000
    [1] => 1064
    [2] => You have an error in your SQL syntax; check the manual that corresponds to your MySQL server version for the right syntax to use near ') OR  ( `ProfileUserGroup`.`usergroup` IS NULL AND `UGProfile`.`active` = 1 )  )' at line 1
)

[2017-04-27 02:39:47] (ERROR @ /srv/web/sites/loafshack.com/public/core/xpdo/om/xpdoquery.class.php : 766) Encountered empty IN condition with key usergroup
[2017-04-27 02:39:47] (ERROR @ /srv/web/sites/loafshack.com/public/core/xpdo/om/xpdoobject.class.php : 240) Error 42000 executing statement: 
Array
(
    [0] => 42000
    [1] => 1064
    [2] => You have an error in your SQL syntax; check the manual that corresponds to your MySQL server version for the right syntax to use near ') OR  ( `ProfileUserGroup`.`usergroup` IS NULL AND `UGProfile`.`active` = 1 )  )' at line 1
)

[2017-04-27 02:40:11] (ERROR @ /srv/web/sites/loafshack.com/public/core/xpdo/om/xpdoquery.class.php : 766) Encountered empty IN condition with key usergroup
[2017-04-27 02:40:11] (ERROR @ /srv/web/sites/loafshack.com/public/core/xpdo/om/xpdoobject.class.php : 240) Error 42000 executing statement: 
Array
(
    [0] => 42000
    [1] => 1064
    [2] => You have an error in your SQL syntax; check the manual that corresponds to your MySQL server version for the right syntax to use near ') OR  ( `ProfileUserGroup`.`usergroup` IS NULL AND `UGProfile`.`active` = 1 )  )' at line 1
)

[2017-04-27 02:40:53] (ERROR @ /srv/web/sites/loafshack.com/public/core/xpdo/om/xpdoquery.class.php : 766) Encountered empty IN condition with key usergroup
[2017-04-27 02:40:53] (ERROR @ /srv/web/sites/loafshack.com/public/core/xpdo/om/xpdoobject.class.php : 240) Error 42000 executing statement: 
Array
(
    [0] => 42000
    [1] => 1064
    [2] => You have an error in your SQL syntax; check the manual that corresponds to your MySQL server version for the right syntax to use near ') OR  ( `ProfileUserGroup`.`usergroup` IS NULL AND `UGProfile`.`active` = 1 )  )' at line 1
)

[2017-05-03 18:17:34] (ERROR @ /srv/web/sites/loafshack.com/public/core/components/formsave/processors/mgr/about.php : 109) PHP warning: file_get_contents(http://www.scherpontwikkeling.nl/components/formsave/about.html?premium=0): failed to open stream: HTTP request failed! HTTP/1.0 404 Not Found

[2017-05-03 23:27:23] (ERROR @ /srv/web/sites/loafshack.com/public/core/xpdo/om/xpdoquery.class.php : 766) Encountered empty IN condition with key usergroup
[2017-05-03 23:27:23] (ERROR @ /srv/web/sites/loafshack.com/public/core/xpdo/om/xpdoobject.class.php : 240) Error 42000 executing statement: 
Array
(
    [0] => 42000
    [1] => 1064
    [2] => You have an error in your SQL syntax; check the manual that corresponds to your MySQL server version for the right syntax to use near ') OR  ( `ProfileUserGroup`.`usergroup` IS NULL AND `UGProfile`.`active` = 1 )  )' at line 1
)

[2017-05-03 23:28:00] (ERROR @ /srv/web/sites/loafshack.com/public/core/xpdo/om/xpdoquery.class.php : 766) Encountered empty IN condition with key usergroup
[2017-05-03 23:28:00] (ERROR @ /srv/web/sites/loafshack.com/public/core/xpdo/om/xpdoobject.class.php : 240) Error 42000 executing statement: 
Array
(
    [0] => 42000
    [1] => 1064
    [2] => You have an error in your SQL syntax; check the manual that corresponds to your MySQL server version for the right syntax to use near ') OR  ( `ProfileUserGroup`.`usergroup` IS NULL AND `UGProfile`.`active` = 1 )  )' at line 1
)

[2017-05-03 23:28:38] (ERROR @ /srv/web/sites/loafshack.com/public/core/xpdo/om/xpdoquery.class.php : 766) Encountered empty IN condition with key usergroup
[2017-05-03 23:28:38] (ERROR @ /srv/web/sites/loafshack.com/public/core/xpdo/om/xpdoobject.class.php : 240) Error 42000 executing statement: 
Array
(
    [0] => 42000
    [1] => 1064
    [2] => You have an error in your SQL syntax; check the manual that corresponds to your MySQL server version for the right syntax to use near ') OR  ( `ProfileUserGroup`.`usergroup` IS NULL AND `UGProfile`.`active` = 1 )  )' at line 1
)

[2017-05-03 23:29:01] (ERROR @ /srv/web/sites/loafshack.com/public/core/xpdo/om/xpdoquery.class.php : 766) Encountered empty IN condition with key usergroup
[2017-05-03 23:29:01] (ERROR @ /srv/web/sites/loafshack.com/public/core/xpdo/om/xpdoobject.class.php : 240) Error 42000 executing statement: 
Array
(
    [0] => 42000
    [1] => 1064
    [2] => You have an error in your SQL syntax; check the manual that corresponds to your MySQL server version for the right syntax to use near ') OR  ( `ProfileUserGroup`.`usergroup` IS NULL AND `UGProfile`.`active` = 1 )  )' at line 1
)

[2017-05-03 23:29:17] (ERROR @ /srv/web/sites/loafshack.com/public/core/xpdo/om/xpdoquery.class.php : 766) Encountered empty IN condition with key usergroup
[2017-05-03 23:29:17] (ERROR @ /srv/web/sites/loafshack.com/public/core/xpdo/om/xpdoobject.class.php : 240) Error 42000 executing statement: 
Array
(
    [0] => 42000
    [1] => 1064
    [2] => You have an error in your SQL syntax; check the manual that corresponds to your MySQL server version for the right syntax to use near ') OR  ( `ProfileUserGroup`.`usergroup` IS NULL AND `UGProfile`.`active` = 1 )  )' at line 1
)

[2017-05-03 23:29:56] (ERROR @ /srv/web/sites/loafshack.com/public/core/xpdo/om/xpdoquery.class.php : 766) Encountered empty IN condition with key usergroup
[2017-05-03 23:29:56] (ERROR @ /srv/web/sites/loafshack.com/public/core/xpdo/om/xpdoobject.class.php : 240) Error 42000 executing statement: 
Array
(
    [0] => 42000
    [1] => 1064
    [2] => You have an error in your SQL syntax; check the manual that corresponds to your MySQL server version for the right syntax to use near ') OR  ( `ProfileUserGroup`.`usergroup` IS NULL AND `UGProfile`.`active` = 1 )  )' at line 1
)

[2017-05-15 19:40:41] (ERROR @ /srv/web/sites/loafshack.com/public/core/xpdo/om/xpdoquery.class.php : 766) Encountered empty IN condition with key usergroup
[2017-05-15 19:40:41] (ERROR @ /srv/web/sites/loafshack.com/public/core/xpdo/om/xpdoobject.class.php : 240) Error 42000 executing statement: 
Array
(
    [0] => 42000
    [1] => 1064
    [2] => You have an error in your SQL syntax; check the manual that corresponds to your MySQL server version for the right syntax to use near ') OR  ( `ProfileUserGroup`.`usergroup` IS NULL AND `UGProfile`.`active` = 1 )  )' at line 1
)

[2017-05-15 19:56:09] (ERROR @ /srv/web/sites/loafshack.com/public/core/xpdo/om/xpdoobject.class.php : 344) Instantiated a derived class modStaticResource that is not a subclass of the requested class modDocument
[2017-05-15 19:56:20] (ERROR @ /srv/web/sites/loafshack.com/public/core/model/modx/modstaticresource.class.php : 99) Could not locate source file: /srv/web/sites/loafshack.com/public/$( ".attendance" ).click(function() {
console.log("HA!");
  $( ".attending" ).hide();
});
[2017-05-15 19:56:40] (ERROR @ /srv/web/sites/loafshack.com/public/core/model/modx/modstaticresource.class.php : 99) Could not locate source file: /srv/web/sites/loafshack.com/public/$( ".attendance" ).click(function() {
console.log("HA!");
  $( ".attending" ).hide();
});
[2017-05-15 19:58:14] (ERROR @ /srv/web/sites/loafshack.com/public/core/model/modx/modstaticresource.class.php : 99) Could not locate source file: /srv/web/sites/loafshack.com/public/$( ".attendance" ).click(function() {
console.log("HA!");
  $( ".attending" ).hide();
});
[2017-05-30 15:27:17] (ERROR @ /srv/web/sites/loafshack.com/public/core/xpdo/om/xpdoquery.class.php : 766) Encountered empty IN condition with key usergroup
[2017-05-30 15:27:17] (ERROR @ /srv/web/sites/loafshack.com/public/core/xpdo/om/xpdoobject.class.php : 240) Error 42000 executing statement: 
Array
(
    [0] => 42000
    [1] => 1064
    [2] => You have an error in your SQL syntax; check the manual that corresponds to your MySQL server version for the right syntax to use near ') OR  ( `ProfileUserGroup`.`usergroup` IS NULL AND `UGProfile`.`active` = 1 )  )' at line 1
)

[2017-05-30 15:46:50] (ERROR @ /srv/web/sites/loafshack.com/public/core/model/modx/modx.class.php : 991) `'43'` is not a valid integer and may not be passed to makeUrl()
[2017-05-30 15:46:54] (ERROR @ /srv/web/sites/loafshack.com/public/core/model/modx/modx.class.php : 991) `'43'` is not a valid integer and may not be passed to makeUrl()
[2017-05-30 17:35:58] (ERROR @ /srv/web/sites/loafshack.com/public/core/model/modx/modx.class.php : 991) `'43'` is not a valid integer and may not be passed to makeUrl()
[2017-05-30 17:40:31] (ERROR @ /srv/web/sites/loafshack.com/public/core/model/modx/modx.class.php : 991) `'43'` is not a valid integer and may not be passed to makeUrl()
[2017-05-30 17:42:38] (ERROR @ /srv/web/sites/loafshack.com/public/core/model/modx/modx.class.php : 991) `'43'` is not a valid integer and may not be passed to makeUrl()
[2017-05-30 17:46:20] (ERROR @ /srv/web/sites/loafshack.com/public/core/model/modx/modx.class.php : 991) `'43'` is not a valid integer and may not be passed to makeUrl()
[2017-05-30 17:48:13] (ERROR @ /srv/web/sites/loafshack.com/public/core/model/modx/modx.class.php : 991) `'43'` is not a valid integer and may not be passed to makeUrl()
[2017-05-30 17:50:32] (ERROR @ /srv/web/sites/loafshack.com/public/core/model/modx/modx.class.php : 991) `'43'` is not a valid integer and may not be passed to makeUrl()
[2017-05-30 17:51:19] (ERROR @ /srv/web/sites/loafshack.com/public/core/model/modx/modx.class.php : 991) `'43'` is not a valid integer and may not be passed to makeUrl()
[2017-05-30 17:52:03] (ERROR @ /srv/web/sites/loafshack.com/public/core/model/modx/modx.class.php : 991) `'43'` is not a valid integer and may not be passed to makeUrl()
[2017-05-30 17:56:56] (ERROR @ /srv/web/sites/loafshack.com/public/core/model/modx/modx.class.php : 991) `'43'` is not a valid integer and may not be passed to makeUrl()
[2017-05-30 17:57:54] (ERROR @ /srv/web/sites/loafshack.com/public/core/model/modx/modx.class.php : 991) `'43'` is not a valid integer and may not be passed to makeUrl()
[2017-05-30 18:01:29] (ERROR @ /srv/web/sites/loafshack.com/public/core/model/modx/modx.class.php : 991) `'43'` is not a valid integer and may not be passed to makeUrl()
[2017-05-30 18:03:13] (ERROR @ /srv/web/sites/loafshack.com/public/core/model/modx/modx.class.php : 991) `'43'` is not a valid integer and may not be passed to makeUrl()
[2017-05-30 18:03:37] (ERROR @ /srv/web/sites/loafshack.com/public/core/model/modx/modx.class.php : 991) `'43'` is not a valid integer and may not be passed to makeUrl()
[2017-05-30 18:05:09] (ERROR @ /srv/web/sites/loafshack.com/public/core/model/modx/modx.class.php : 991) `'43'` is not a valid integer and may not be passed to makeUrl()
[2017-05-30 18:08:36] (ERROR @ /srv/web/sites/loafshack.com/public/core/model/modx/modx.class.php : 991) `'43'` is not a valid integer and may not be passed to makeUrl()
[2017-05-30 18:08:45] (ERROR @ /srv/web/sites/loafshack.com/public/core/model/modx/modx.class.php : 991) `'43'` is not a valid integer and may not be passed to makeUrl()
[2017-05-30 18:09:54] (ERROR @ /srv/web/sites/loafshack.com/public/core/model/modx/modx.class.php : 991) `'43'` is not a valid integer and may not be passed to makeUrl()
[2017-05-30 18:09:58] (ERROR @ /srv/web/sites/loafshack.com/public/core/model/modx/modx.class.php : 991) `'43'` is not a valid integer and may not be passed to makeUrl()
[2017-05-30 18:10:26] (ERROR @ /srv/web/sites/loafshack.com/public/core/model/modx/modx.class.php : 991) `'43'` is not a valid integer and may not be passed to makeUrl()
[2017-05-30 18:10:30] (ERROR @ /srv/web/sites/loafshack.com/public/core/model/modx/modx.class.php : 991) `'43'` is not a valid integer and may not be passed to makeUrl()
[2017-05-30 18:11:10] (ERROR @ /srv/web/sites/loafshack.com/public/core/model/modx/modx.class.php : 991) `'43'` is not a valid integer and may not be passed to makeUrl()
[2017-05-30 18:11:19] (ERROR @ /srv/web/sites/loafshack.com/public/core/model/modx/modx.class.php : 991) `'43'` is not a valid integer and may not be passed to makeUrl()
[2017-05-30 18:13:23] (ERROR @ /srv/web/sites/loafshack.com/public/core/model/modx/modx.class.php : 991) `'43'` is not a valid integer and may not be passed to makeUrl()
[2017-05-30 18:14:10] (ERROR @ /srv/web/sites/loafshack.com/public/core/model/modx/modx.class.php : 991) `'43'` is not a valid integer and may not be passed to makeUrl()
[2017-05-30 18:14:33] (ERROR @ /srv/web/sites/loafshack.com/public/core/model/modx/modx.class.php : 991) `'43'` is not a valid integer and may not be passed to makeUrl()
[2017-05-30 18:16:51] (ERROR @ /srv/web/sites/loafshack.com/public/core/model/modx/modx.class.php : 991) `'43'` is not a valid integer and may not be passed to makeUrl()
[2017-05-30 18:16:55] (ERROR @ /srv/web/sites/loafshack.com/public/core/model/modx/modx.class.php : 991) `'43'` is not a valid integer and may not be passed to makeUrl()
[2017-05-30 18:17:26] (ERROR @ /srv/web/sites/loafshack.com/public/core/model/modx/modx.class.php : 991) `'43'` is not a valid integer and may not be passed to makeUrl()
[2017-05-30 18:18:38] (ERROR @ /srv/web/sites/loafshack.com/public/core/model/modx/modx.class.php : 991) `'43'` is not a valid integer and may not be passed to makeUrl()
[2017-05-30 18:20:40] (ERROR @ /srv/web/sites/loafshack.com/public/core/model/modx/modx.class.php : 991) `'43'` is not a valid integer and may not be passed to makeUrl()
[2017-05-30 18:36:43] (ERROR @ /srv/web/sites/loafshack.com/public/core/model/modx/modx.class.php : 991) `'43'` is not a valid integer and may not be passed to makeUrl()
[2017-05-30 18:37:53] (ERROR @ /srv/web/sites/loafshack.com/public/core/model/modx/modx.class.php : 991) `'43'` is not a valid integer and may not be passed to makeUrl()
[2017-05-30 18:38:37] (ERROR @ /srv/web/sites/loafshack.com/public/core/model/modx/modx.class.php : 991) `'43'` is not a valid integer and may not be passed to makeUrl()
[2017-05-30 18:45:10] (ERROR @ /srv/web/sites/loafshack.com/public/core/model/modx/modx.class.php : 991) `'43'` is not a valid integer and may not be passed to makeUrl()
[2017-05-30 18:46:06] (ERROR @ /srv/web/sites/loafshack.com/public/core/model/modx/modx.class.php : 991) `'43'` is not a valid integer and may not be passed to makeUrl()
[2017-05-30 19:03:45] (ERROR @ /srv/web/sites/loafshack.com/public/core/model/modx/modx.class.php : 991) `'43'` is not a valid integer and may not be passed to makeUrl()
[2017-05-30 19:05:09] (ERROR @ /srv/web/sites/loafshack.com/public/core/model/modx/modx.class.php : 991) `'43'` is not a valid integer and may not be passed to makeUrl()
[2017-05-30 19:05:21] (ERROR @ /srv/web/sites/loafshack.com/public/core/model/modx/modx.class.php : 991) `'43'` is not a valid integer and may not be passed to makeUrl()
[2017-05-30 19:05:39] (ERROR @ /srv/web/sites/loafshack.com/public/core/model/modx/modx.class.php : 991) `'43'` is not a valid integer and may not be passed to makeUrl()
[2017-05-30 19:05:43] (ERROR @ /srv/web/sites/loafshack.com/public/core/model/modx/modx.class.php : 991) `'43'` is not a valid integer and may not be passed to makeUrl()
[2017-05-30 19:24:01] (ERROR @ /srv/web/sites/loafshack.com/public/core/model/modx/modx.class.php : 991) `'43'` is not a valid integer and may not be passed to makeUrl()
[2017-05-30 19:24:49] (ERROR @ /srv/web/sites/loafshack.com/public/core/model/modx/modx.class.php : 991) `'43'` is not a valid integer and may not be passed to makeUrl()
[2017-05-31 00:50:06] (ERROR @ /srv/web/sites/loafshack.com/public/core/model/modx/modx.class.php : 991) `'43'` is not a valid integer and may not be passed to makeUrl()
[2017-05-31 14:04:37] (ERROR @ /srv/web/sites/loafshack.com/public/core/model/modx/modx.class.php : 991) `'43'` is not a valid integer and may not be passed to makeUrl()
[2017-05-31 15:13:23] (ERROR @ /srv/web/sites/loafshack.com/public/core/model/modx/modx.class.php : 991) `'43'` is not a valid integer and may not be passed to makeUrl()
[2017-05-31 15:14:23] (ERROR @ /srv/web/sites/loafshack.com/public/core/model/modx/modx.class.php : 991) `'43'` is not a valid integer and may not be passed to makeUrl()
[2017-06-01 02:03:03] (ERROR @ /srv/web/sites/loafshack.com/public/core/model/modx/modparser.class.php : 124) Recoverable error: Argument 2 passed to modParser::collectElementTags() must be of the type array, null given, called in /srv/web/sites/loafshack.com/public/core/model/modx/modstaticresource.class.php on line 57 and defined
[2017-06-01 20:31:46] (ERROR @ /srv/web/sites/loafshack.com/public/core/model/modx/modparser.class.php : 124) Recoverable error: Argument 2 passed to modParser::collectElementTags() must be of the type array, null given, called in /srv/web/sites/loafshack.com/public/core/model/modx/modstaticresource.class.php on line 57 and defined
[2017-06-04 02:57:00] (ERROR @ /srv/web/sites/loafshack.com/public/core/model/modx/modparser.class.php : 124) Recoverable error: Argument 2 passed to modParser::collectElementTags() must be of the type array, null given, called in /srv/web/sites/loafshack.com/public/core/model/modx/modstaticresource.class.php on line 57 and defined
[2017-06-05 16:20:12] (ERROR @ /srv/web/sites/loafshack.com/public/core/model/modx/modparser.class.php : 124) Recoverable error: Argument 2 passed to modParser::collectElementTags() must be of the type array, null given, called in /srv/web/sites/loafshack.com/public/core/model/modx/modstaticresource.class.php on line 57 and defined
[2017-06-05 19:59:24] (ERROR @ /srv/web/sites/loafshack.com/public/core/model/modx/modparser.class.php : 124) Recoverable error: Argument 2 passed to modParser::collectElementTags() must be of the type array, null given, called in /srv/web/sites/loafshack.com/public/core/model/modx/modstaticresource.class.php on line 57 and defined
[2017-06-06 21:41:54] (ERROR @ /srv/web/sites/loafshack.com/public/core/model/modx/modparser.class.php : 124) Recoverable error: Argument 2 passed to modParser::collectElementTags() must be of the type array, null given, called in /srv/web/sites/loafshack.com/public/core/model/modx/modstaticresource.class.php on line 57 and defined
[2017-06-22 10:41:46] (ERROR @ /srv/web/sites/loafshack.com/public/core/model/modx/modparser.class.php : 124) Recoverable error: Argument 2 passed to modParser::collectElementTags() must be of the type array, null given, called in /srv/web/sites/loafshack.com/public/core/model/modx/modstaticresource.class.php on line 57 and defined
[2017-06-23 05:35:34] (ERROR @ /srv/web/sites/loafshack.com/public/core/model/modx/modparser.class.php : 124) Recoverable error: Argument 2 passed to modParser::collectElementTags() must be of the type array, null given, called in /srv/web/sites/loafshack.com/public/core/model/modx/modstaticresource.class.php on line 57 and defined
[2017-06-23 05:35:43] (ERROR @ /srv/web/sites/loafshack.com/public/core/model/modx/modparser.class.php : 124) Recoverable error: Argument 2 passed to modParser::collectElementTags() must be of the type array, null given, called in /srv/web/sites/loafshack.com/public/core/model/modx/modstaticresource.class.php on line 57 and defined
[2017-06-23 05:35:58] (ERROR @ /srv/web/sites/loafshack.com/public/core/model/modx/modparser.class.php : 124) Recoverable error: Argument 2 passed to modParser::collectElementTags() must be of the type array, null given, called in /srv/web/sites/loafshack.com/public/core/model/modx/modstaticresource.class.php on line 57 and defined
[2017-06-23 05:36:07] (ERROR @ /srv/web/sites/loafshack.com/public/core/model/modx/modparser.class.php : 124) Recoverable error: Argument 2 passed to modParser::collectElementTags() must be of the type array, null given, called in /srv/web/sites/loafshack.com/public/core/model/modx/modstaticresource.class.php on line 57 and defined
[2017-06-26 13:46:18] (ERROR @ /srv/web/sites/loafshack.com/public/core/model/modx/modparser.class.php : 124) Recoverable error: Argument 2 passed to modParser::collectElementTags() must be of the type array, null given, called in /srv/web/sites/loafshack.com/public/core/model/modx/modstaticresource.class.php on line 57 and defined
[2017-06-26 19:09:47] (ERROR @ /srv/web/sites/loafshack.com/public/manager/controllers/default/security/login.class.php : 259) Error while sending mail to benalexpaulson@gmail.com
[2017-06-27 16:06:26] (ERROR @ /srv/web/sites/loafshack.com/public/core/model/modx/modparser.class.php : 124) Recoverable error: Argument 2 passed to modParser::collectElementTags() must be of the type array, null given, called in /srv/web/sites/loafshack.com/public/core/model/modx/modstaticresource.class.php on line 57 and defined
[2017-06-29 03:26:56] (ERROR in resource 1 @ /srv/web/sites/loafshack.com/public/core/model/modx/modparser.class.php : 1353) Bad link tag `[[~38]]` encountered
